<?xml version="1.0" encoding="UTF-8" ?>
<testsuite tests="2" failures="0" name="automation.runners.TestRunner" time="0.016" errors="0" skipped="2">
  <properties>
    <property name="java.runtime.name" value="Java(TM) SE Runtime Environment"/>
    <property name="sun.boot.library.path" value="C:\Program Files (x86)\Java\jdk1.8.0_91\jre\bin"/>
    <property name="java.vm.version" value="25.91-b15"/>
    <property name="java.vm.vendor" value="Oracle Corporation"/>
    <property name="maven.multiModuleProjectDirectory" value="D:\PortfolioWorkspace\automation"/>
    <property name="java.vendor.url" value="http://java.oracle.com/"/>
    <property name="path.separator" value=";"/>
    <property name="guice.disable.misplaced.annotation.check" value="true"/>
    <property name="java.vm.name" value="Java HotSpot(TM) Client VM"/>
    <property name="file.encoding.pkg" value="sun.io"/>
    <property name="user.script" value=""/>
    <property name="user.country" value="US"/>
    <property name="sun.java.launcher" value="SUN_STANDARD"/>
    <property name="sun.os.patch.level" value=""/>
    <property name="java.vm.specification.name" value="Java Virtual Machine Specification"/>
    <property name="user.dir" value="D:\PortfolioWorkspace\automation"/>
    <property name="java.runtime.version" value="1.8.0_91-b15"/>
    <property name="java.awt.graphicsenv" value="sun.awt.Win32GraphicsEnvironment"/>
    <property name="java.endorsed.dirs" value="C:\Program Files (x86)\Java\jdk1.8.0_91\jre\lib\endorsed"/>
    <property name="os.arch" value="x86"/>
    <property name="java.io.tmpdir" value="C:\Users\ZIQUEY~1\AppData\Local\Temp\"/>
    <property name="line.separator" value="
"/>
    <property name="java.vm.specification.vendor" value="Oracle Corporation"/>
    <property name="user.variant" value=""/>
    <property name="os.name" value="Windows 10"/>
    <property name="classworlds.conf" value="D:\PortfolioWorkspace\.metadata\.plugins\org.eclipse.m2e.launching\launches\m2conf2917239205605818265.tmp"/>
    <property name="sun.jnu.encoding" value="Cp1252"/>
    <property name="java.library.path" value="C:\Program Files (x86)\Java\jdk1.8.0_91\bin;C:\WINDOWS\Sun\Java\bin;C:\WINDOWS\system32;C:\WINDOWS;C:/Program Files (x86)/Java/jdk1.8.0_91/bin/../jre/bin/client;C:/Program Files (x86)/Java/jdk1.8.0_91/bin/../jre/bin;C:/Program Files (x86)/Java/jdk1.8.0_91/bin/../jre/lib/i386;C:\Program Files\NVIDIA GPU Computing Toolkit\CUDA\v10.1\bin;C:\Program Files\NVIDIA GPU Computing Toolkit\CUDA\v10.1\libnvvp;C:\Program Files\NVIDIA GPU Computing Toolkit\CUDA\v9.0\bin;C:\Program Files\NVIDIA GPU Computing Toolkit\CUDA\v9.0\libnvvp;C:\Program Files (x86)\Java\jdk1.8.0_91\bin;D:\Batch;D:\Maven\apache-maven-3.3.9-bin\apache-maven-3.3.9\bin;C:\Java_Bat;C:\ProgramData\Oracle\Java\javapath;C:\Windows\system32;C:\Windows;C:\Windows\System32\Wbem;C:\Windows\System32\WindowsPowerShell\v1.0\;C:\Program Files (x86)\NVIDIA Corporation\PhysX\Common;C:\Program Files\Microsoft SQL Server\110\Tools\Binn\;C:\Program Files\Microsoft SQL Server\120\Tools\Binn\;C:\Borland\BCC55\Bin;C:\Program Files (x86)\GtkSharp\2.12\bin;D:\md5;D:\Git\cmd;D:\Gradle\gradle-2.14\bin;C:\WINDOWS\system32;C:\WINDOWS;C:\WINDOWS\System32\Wbem;C:\WINDOWS\System32\WindowsPowerShell\v1.0\;D:\Hugo\bin;D:\Likes\Geth-1.7.2;C:\WINDOWS\System32\OpenSSH\;C:\Program Files\NVIDIA Corporation\NVIDIA NvDLISR;C:\cuda\bin;C:\Program Files\NVIDIA Corporation\Nsight Compute 2019.1\;E:\Anaconda;E:\Anaconda\Scripts;E:\Anaconda\Library\bin;D:\Brackets\Application\command;C:\Program Files\dotnet\;C:\Program Files\Microsoft SQL Server\130\Tools\Binn\;C:\Program Files\Microsoft SQL Server\Client SDK\ODBC\170\Tools\Binn\;E:\Yarn\bin\;E:\NodeJS\;%SystemRoot%\system32;%SystemRoot%;%SystemRoot%\System32\Wbem;%SYSTEMROOT%\System32\WindowsPowerShell\v1.0\;%SYSTEMROOT%\System32\OpenSSH\;D:\Selenium\geckodriver-v0.14.0-win32;C:\Program Files\MongoDB\Server\3.4\bin;C:\Users\Zique Yuutaka\AppData\Local\Programs\Python\Python36-32\Scripts\;C:\Users\Zique Yuutaka\AppData\Local\Programs\Python\Python36-32\;C:\Program Files (x86)\Java\jdk1.8.0_91;C:\Users\Zique Yuutaka\AppData\Local\Microsoft\WindowsApps;C:\Users\Zique Yuutaka\AppData\Local\Yarn\bin;C:\Users\Zique Yuutaka\AppData\Roaming\npm;;D:\Eclipse\eclipse-jee-mars-2-win32\eclipse;;."/>
    <property name="java.specification.name" value="Java Platform API Specification"/>
    <property name="java.class.version" value="52.0"/>
    <property name="sun.management.compiler" value="HotSpot Client Compiler"/>
    <property name="os.version" value="10.0"/>
    <property name="user.home" value="C:\Users\Zique Yuutaka"/>
    <property name="user.timezone" value="America/New_York"/>
    <property name="java.awt.printerjob" value="sun.awt.windows.WPrinterJob"/>
    <property name="java.specification.version" value="1.8"/>
    <property name="file.encoding" value="Cp1252"/>
    <property name="user.name" value="Zique Yuutaka"/>
    <property name="java.class.path" value="/D:/Eclipse/eclipse-jee-mars-2-win32/eclipse/plugins/org.eclipse.m2e.maven.runtime_1.7.0.20160603-1931/jars/plexus-classworlds-2.5.2.jar"/>
    <property name="java.vm.specification.version" value="1.8"/>
    <property name="sun.arch.data.model" value="32"/>
    <property name="java.home" value="C:\Program Files (x86)\Java\jdk1.8.0_91\jre"/>
    <property name="sun.java.command" value="org.codehaus.plexus.classworlds.launcher.Launcher -B test"/>
    <property name="java.specification.vendor" value="Oracle Corporation"/>
    <property name="user.language" value="en"/>
    <property name="awt.toolkit" value="sun.awt.windows.WToolkit"/>
    <property name="java.vm.info" value="mixed mode, sharing"/>
    <property name="java.version" value="1.8.0_91"/>
    <property name="java.ext.dirs" value="C:\Program Files (x86)\Java\jdk1.8.0_91\jre\lib\ext;C:\WINDOWS\Sun\Java\lib\ext"/>
    <property name="sun.boot.class.path" value="C:\Program Files (x86)\Java\jdk1.8.0_91\jre\lib\resources.jar;C:\Program Files (x86)\Java\jdk1.8.0_91\jre\lib\rt.jar;C:\Program Files (x86)\Java\jdk1.8.0_91\jre\lib\sunrsasign.jar;C:\Program Files (x86)\Java\jdk1.8.0_91\jre\lib\jsse.jar;C:\Program Files (x86)\Java\jdk1.8.0_91\jre\lib\jce.jar;C:\Program Files (x86)\Java\jdk1.8.0_91\jre\lib\charsets.jar;C:\Program Files (x86)\Java\jdk1.8.0_91\jre\lib\jfr.jar;C:\Program Files (x86)\Java\jdk1.8.0_91\jre\classes"/>
    <property name="java.vendor" value="Oracle Corporation"/>
    <property name="maven.home" value="D:\PortfolioWorkspace\automation\EMBEDDED"/>
    <property name="file.separator" value="\"/>
    <property name="java.vendor.url.bug" value="http://bugreport.sun.com/bugreport/"/>
    <property name="sun.cpu.endian" value="little"/>
    <property name="sun.io.unicode.encoding" value="UnicodeLittle"/>
    <property name="sun.desktop" value="windows"/>
    <property name="sun.cpu.isalist" value="pentium_pro+mmx pentium_pro pentium+mmx pentium i486 i386 i86"/>
  </properties>
  <testcase classname="My test feature" name="My Test Scenario" time="0.008">
    <skipped/>
    <system-out>Feature: My test feature
  Testing automation project creation

  @tag1
  Scenario Outline: My Test Scenario # features/TestFeature.feature:6
    Given the user opens the browser
    Then the browser must open

    Examples: 

  @tag1
  Scenario Outline: My Test Scenario # features/TestFeature.feature:11
    Given the user opens the browser # null
    Then the browser must open       # null
</system-out>
    <system-err>Aug 05, 2019 1:45:17 PM cucumber.runtime.java.ObjectFactoryLoader loadSingleObjectFactory
INFO: Loading ObjectFactory via service loader: io.cucumber.spring.SpringFactory
</system-err>
  </testcase>
  <testcase classname="My test feature" name="My Test Scenario" time="0.008">
    <skipped/>
  </testcase>
</testsuite>